usage: Train Transformer Masked Encoder [-h] [--background BACKGROUND]
                                        [--signal SIGNAL]
                                        [--hidden-dim HIDDEN_DIM]
                                        [--num-heads NUM_HEADS]
                                        [--ffn-dim FFN_DIM]
                                        [--dropout DROPOUT]
                                        [--train-mask-ratio TRAIN_MASK_RATIO]
                                        [--test-mask-ratio TEST_MASK_RATIO]
                                        [--eval-mask-repeats EVAL_MASK_REPEATS]
                                        [--batch-size BATCH_SIZE]
                                        [--epochs EPOCHS]
                                        [--learning-rate LEARNING_RATE]
                                        [--weight-decay WEIGHT_DECAY]
                                        [--normalize-features | --no-normalize-features]
                                        [--seed SEED]
                                        [--output-dir OUTPUT_DIR]
                                        [--max-background-events MAX_BACKGROUND_EVENTS]
                                        [--max-signal-events MAX_SIGNAL_EVENTS]
                                        [--num-layers NUM_LAYERS]
Train Transformer Masked Encoder: error: unrecognized arguments: --no-lr-scheduler
